<?xml version="1.0" encoding="utf-8"?><testsuites name="pytest tests"><testsuite name="pytest" errors="0" failures="0" skipped="0" tests="38" time="5.685" timestamp="2026-07-24T15:18:00.388455+00:00" hostname="agent-env-c8eb86fa-74dd-4c1f-a7f7-8a42f1195266"><testcase classname="tests.backend_test.TestPublic" name="test_stats" time="0.450" /><testcase classname="tests.backend_test.TestExports" name="test_xlsx[cabang]" time="0.811" /><testcase classname="tests.backend_test.TestPublic" name="test_cabang" time="0.154" /><testcase classname="tests.backend_test.TestPublic" name="test_agenda" time="0.199" /><testcase classname="tests.backend_test.TestPublic" name="test_pengumuman" time="0.169" /><testcase classname="tests.backend_test.TestExports" name="test_xlsx[jamaah]" time="0.106" /><testcase classname="tests.backend_test.TestExports" name="test_xlsx[guru]" time="0.111" /><testcase classname="tests.backend_test.TestPublic" name="test_galeri" time="0.125" /><testcase classname="tests.backend_test.TestExports" name="test_xlsx[pengurus]" time="0.344" /><testcase classname="tests.backend_test.TestPublic" name="test_settings" time="0.117" /><testcase classname="tests.backend_test.TestPublic" name="test_contact_submit" time="0.156" /><testcase classname="tests.backend_test.TestAuth" name="test_login_success_email" time="0.366" /><testcase classname="tests.backend_test.TestExports" name="test_xlsx[agenda]" time="0.119" /><testcase classname="tests.backend_test.TestExports" name="test_pdf" time="0.253" /><testcase classname="tests.backend_test.TestAuth" name="test_login_by_username" time="0.340" /><testcase classname="tests.backend_test.TestExports" name="test_export_filter" time="0.373" /><testcase classname="tests.backend_test.TestAuth" name="test_login_wrong_password" time="0.330" /><testcase classname="tests.backend_test.TestUsers" name="test_list" time="0.309" /><testcase classname="tests.backend_test.TestUsers" name="test_create" time="0.586" /><testcase classname="tests.backend_test.TestAuth" name="test_me" time="0.614" /><testcase classname="tests.backend_test.TestUsers" name="test_update" time="0.139" /><testcase classname="tests.backend_test.TestAuth" name="test_no_token" time="0.135" /><testcase classname="tests.backend_test.TestUsers" name="test_cannot_delete_self" time="0.462" /><testcase classname="tests.backend_test.TestRBAC" name="test_viewer_cannot_create" time="0.517" /><testcase classname="tests.backend_test.TestUsers" name="test_delete" time="0.130" /><testcase classname="tests.backend_test.TestRBAC" name="test_viewer_can_read" time="0.115" /><testcase classname="tests.backend_test.TestCabangCRUD" name="test_create" time="0.096" /><testcase classname="tests.backend_test.TestCabangCRUD" name="test_get_persisted" time="0.272" /><testcase classname="tests.backend_test.TestCabangCRUD" name="test_update" time="0.130" /><testcase classname="tests.backend_test.TestRBAC" name="test_non_super_cannot_create_user" time="0.485" /><testcase classname="tests.backend_test.TestCabangCRUD" name="test_delete" time="0.252" /><testcase classname="tests.backend_test.TestRBAC" name="test_non_super_cannot_backup" time="0.115" /><testcase classname="tests.backend_test.TestSettingsBackup" name="test_get_settings" time="0.148" /><testcase classname="tests.backend_test.TestJamaahCRUD" name="test_create_with_tags" time="0.386" /><testcase classname="tests.backend_test.TestSettingsBackup" name="test_update_settings" time="0.166" /><testcase classname="tests.backend_test.TestSettingsBackup" name="test_backup" time="0.139" /><testcase classname="tests.backend_test.TestDashboard" name="test_stats" time="0.102" /><testcase classname="tests.backend_test.TestAudit" name="test_logs" time="0.133" /></testsuite></testsuites>